[20:15:27] [ServerMain/WARN]: [oshi.driver.windows.perfmon.PerfmonDisabled] Invalid registry value type detected for PerfOS counters. Should be REG_DWORD. Ignoring: HKEY_LOCAL_MACHINE\SYSTEM\CurrentControlSet\Services\PerfOS\Performance\Disable Performance Counters.
[20:15:32] [ServerMain/INFO]: Environment: authHost='https://authserver.mojang.com', accountsHost='https://api.mojang.com', sessionHost='https://sessionserver.mojang.com', servicesHost='https://api.minecraftservices.com', name='PROD'
[20:15:33] [ServerMain/INFO]: Loaded 7 recipes
[20:15:34] [Server thread/INFO]: Starting minecraft server version 1.20.1
[20:15:34] [Server thread/INFO]: Loading properties
[20:15:34] [Server thread/INFO]: This server is running Paper version git-Paper-169 (MC: 1.20.1) (Implementing API version 1.20.1-R0.1-SNAPSHOT) (Git: b4e3b3d)
[20:15:34] [Server thread/INFO]: Server Ping Player Sample Count: 12
[20:15:34] [Server thread/INFO]: Using 4 threads for Netty based IO
[20:15:34] [Server thread/WARN]: [!] The timings profiler has been enabled but has been scheduled for removal from Paper in the future.
    We recommend installing the spark profiler as a replacement: https://spark.lucko.me/
    For more information please visit: https://github.com/PaperMC/Paper/issues/8948
[20:15:34] [Server thread/INFO]: [ChunkTaskScheduler] Chunk system is using 1 I/O threads, 3 worker threads, and gen parallelism of 3 threads
[20:15:34] [Server thread/INFO]: Default game type: SURVIVAL
[20:15:34] [Server thread/INFO]: Generating keypair
[20:15:34] [Server thread/INFO]: Starting Minecraft server on *:25566
[20:15:34] [Server thread/INFO]: Using default channel type
[20:15:34] [Server thread/INFO]: Paper: Using Java compression from Velocity.
[20:15:34] [Server thread/INFO]: Paper: Using Java cipher from Velocity.
[20:15:34] [Server thread/ERROR]: [ModernPluginLoadingStrategy] Could not load 'plugins\BetterStructures.jar' in 'plugins'
org.bukkit.plugin.UnknownDependencyException: Unknown/missing dependency plugins: [WorldEdit]. Please download and install these plugins to run 'BetterStructures'.
	at io.papermc.paper.plugin.entrypoint.strategy.modern.ModernPluginLoadingStrategy.loadProviders(ModernPluginLoadingStrategy.java:82) ~[paper-1.20.1.jar:git-Paper-169]
	at io.papermc.paper.plugin.storage.SimpleProviderStorage.enter(SimpleProviderStorage.java:39) ~[paper-1.20.1.jar:git-Paper-169]
	at io.papermc.paper.plugin.entrypoint.LaunchEntryPointHandler.enter(LaunchEntryPointHandler.java:36) ~[paper-1.20.1.jar:git-Paper-169]
	at org.bukkit.craftbukkit.v1_20_R1.CraftServer.loadPlugins(CraftServer.java:508) ~[paper-1.20.1.jar:git-Paper-169]
	at net.minecraft.server.dedicated.DedicatedServer.initServer(DedicatedServer.java:273) ~[paper-1.20.1.jar:git-Paper-169]
	at net.minecraft.server.MinecraftServer.runServer(MinecraftServer.java:1100) ~[paper-1.20.1.jar:git-Paper-169]
	at net.minecraft.server.MinecraftServer.lambda$spin$0(MinecraftServer.java:317) ~[paper-1.20.1.jar:git-Paper-169]
	at java.lang.Thread.run(Thread.java:833) ~[?:?]
[20:15:34] [Server thread/INFO]: Server permissions file permissions.yml is empty, ignoring it
[20:15:34] [Server thread/WARN]: **** SERVER IS RUNNING IN OFFLINE/INSECURE MODE!
[20:15:34] [Server thread/WARN]: The server will make no attempt to authenticate usernames. Beware.
[20:15:34] [Server thread/WARN]: Whilst this makes it possible to use Velocity, unless access to your server is properly restricted, it also opens up the ability for hackers to connect with any username they choose.
[20:15:34] [Server thread/WARN]: Please see https://docs.papermc.io/velocity/security for further information.
[20:15:34] [Server thread/WARN]: To change this, set "online-mode" to "true" in the server.properties file.
[20:15:34] [Server thread/INFO]: Preparing level "world"
[20:15:35] [Server thread/INFO]: Preparing start region for dimension minecraft:overworld
[20:15:35] [Server thread/INFO]: Time elapsed: 301 ms
[20:15:35] [Server thread/INFO]: Preparing start region for dimension minecraft:the_nether
[20:15:35] [Server thread/INFO]: Time elapsed: 28 ms
[20:15:35] [Server thread/INFO]: Preparing start region for dimension minecraft:the_end
[20:15:35] [Server thread/INFO]: Time elapsed: 22 ms
[20:15:35] [Server thread/INFO]: Running delayed init tasks
[20:15:35] [Server thread/INFO]: Done (1.518s)! For help, type "help"
[20:15:35] [Server thread/INFO]: Timings Reset
[20:29:11] [Server thread/INFO]: Stopping the server
[20:29:11] [Server thread/INFO]: Stopping server
[20:29:11] [Server thread/INFO]: Saving players
[20:29:11] [Server thread/INFO]: Saving worlds
[20:29:11] [Server thread/INFO]: Saving chunks for level 'ServerLevel[world]'/minecraft:overworld
[20:29:11] [Server thread/INFO]: [ChunkHolderManager] Waiting 60s for chunk system to halt for world 'world'
[20:29:11] [Server thread/INFO]: [ChunkHolderManager] Halted chunk system for world 'world'
[20:29:11] [Server thread/INFO]: [ChunkHolderManager] Saving all chunkholders for world 'world'
[20:29:11] [Server thread/INFO]: [ChunkHolderManager] Saved 1 block chunks, 92 entity chunks, 0 poi chunks in world 'world' in 0.03s
[20:29:11] [Server thread/INFO]: ThreadedAnvilChunkStorage (world): All chunks are saved
[20:29:11] [Server thread/INFO]: Saving chunks for level 'ServerLevel[world_nether]'/minecraft:the_nether
[20:29:11] [Server thread/INFO]: [ChunkHolderManager] Waiting 60s for chunk system to halt for world 'world_nether'
[20:29:11] [Server thread/INFO]: [ChunkHolderManager] Halted chunk system for world 'world_nether'
[20:29:11] [Server thread/INFO]: [ChunkHolderManager] Saving all chunkholders for world 'world_nether'
[20:29:11] [Server thread/INFO]: [ChunkHolderManager] Saved 0 block chunks, 8 entity chunks, 0 poi chunks in world 'world_nether' in 0.02s
[20:29:11] [Server thread/INFO]: ThreadedAnvilChunkStorage (DIM-1): All chunks are saved
[20:29:11] [Server thread/INFO]: Saving chunks for level 'ServerLevel[world_the_end]'/minecraft:the_end
[20:29:11] [Server thread/INFO]: [ChunkHolderManager] Waiting 60s for chunk system to halt for world 'world_the_end'
[20:29:11] [Server thread/INFO]: [ChunkHolderManager] Halted chunk system for world 'world_the_end'
[20:29:11] [Server thread/INFO]: [ChunkHolderManager] Saving all chunkholders for world 'world_the_end'
[20:29:11] [Server thread/INFO]: [ChunkHolderManager] Saved 10 block chunks, 10 entity chunks, 0 poi chunks in world 'world_the_end' in 0.01s
[20:29:12] [Server thread/INFO]: ThreadedAnvilChunkStorage (DIM1): All chunks are saved
[20:29:12] [Server thread/INFO]: ThreadedAnvilChunkStorage: All dimensions are saved
[20:29:12] [Server thread/INFO]: Flushing Chunk IO
[20:29:12] [Server thread/INFO]: Closing Thread Pool
[20:29:12] [Server thread/INFO]: Closing Server
