[17:58:03] [main/INFO] [com.velocitypowered.proxy.VelocityServer]: Booting up Velocity 3.2.0-SNAPSHOT (git-19abb909-b265)...
[17:58:03] [main/INFO] [com.velocitypowered.proxy.VelocityServer]: Loading localizations...
[17:58:03] [main/INFO] [com.velocitypowered.proxy.network.ConnectionManager]: Connections will use NIO channels, Java compression, Java ciphers
[17:58:03] [main/WARN] [com.velocitypowered.proxy.config.VelocityConfiguration]: The proxy is running in offline mode! This is a security risk and you will NOT receive any support!
[17:58:03] [main/INFO] [com.velocitypowered.proxy.VelocityServer]: Loading plugins...
[17:58:03] [main/INFO] [limboapi]: Initializing Simple Virtual World system...
[17:58:03] [main/INFO] [limboapi]: Hooking into EventManager, PlayerList/UpsertPlayerInfo and StateRegistry...
[17:58:04] [main/INFO] [com.velocitypowered.proxy.plugin.VelocityPluginManager]: Loaded plugin limboapi 1.1.16 by Elytrium (https://elytrium.net/)
[17:58:04] [main/INFO] [com.velocitypowered.proxy.plugin.VelocityPluginManager]: Loaded plugin limboauth 1.1.13 by Elytrium (https://elytrium.net/)
[17:58:04] [main/INFO] [com.velocitypowered.proxy.plugin.VelocityPluginManager]: Loaded plugin limbofilter 1.1.12 by Elytrium (https://elytrium.net/)
[17:58:04] [main/INFO] [com.velocitypowered.proxy.plugin.VelocityPluginManager]: Loaded plugin luckperms 5.4.102 by Luck
[17:58:04] [main/INFO] [com.velocitypowered.proxy.VelocityServer]: Loaded 4 plugins
[17:58:04] [Velocity Async Event Executor - #0/INFO] [com.velocitypowered.proxy.console.VelocityConsole]:         __    
[17:58:04] [Velocity Async Event Executor - #0/INFO] [com.velocitypowered.proxy.console.VelocityConsole]:   |    |__)   LuckPerms v5.4.102
[17:58:04] [Velocity Async Event Executor - #0/INFO] [com.velocitypowered.proxy.console.VelocityConsole]:   |___ |      Running on Velocity - Velocity
[17:58:04] [Velocity Async Event Executor - #0/INFO] [com.velocitypowered.proxy.console.VelocityConsole]: 
[17:58:04] [Velocity Async Event Executor - #0/INFO] [luckperms]: Loading configuration...
[17:58:04] [Velocity Async Event Executor - #0/INFO] [luckperms]: Loading storage provider... [H2]
[17:58:04] [Velocity Async Event Executor - #0/INFO] [luckperms]: Loading internal permission managers...
[17:58:04] [Velocity Async Event Executor - #0/INFO] [luckperms]: Performing initial data load...
[17:58:04] [Velocity Async Event Executor - #0/INFO] [luckperms]: Successfully enabled. (took 530ms)
[17:58:04] [Velocity Async Event Executor - #0/INFO] [limboapi]: Creating and preparing packets...
[17:58:04] [Velocity Async Event Executor - #0/INFO] [limboapi]: Loaded!
[17:58:05] [Velocity Async Event Executor - #0/INFO] [limbofilter]: Current captcha generator settings will consume 0.01GB RAM normally and 0.02GB RAM on reloads
[17:58:05] [Velocity Async Event Executor - #0/INFO] [limbofilter]: Modify the config to decrease RAM consumption
[17:58:05] [CaptchaGeneratorThread/INFO] [limbofilter]: Captcha generated in 165 ms.
[17:58:05] [Netty NIO Boss #0/INFO] [com.velocitypowered.proxy.network.ConnectionManager]: Listening on /[0:0:0:0:0:0:0:0]:25577
[17:58:05] [main/INFO] [com.velocitypowered.proxy.Velocity]: Done (2.74s)!
[17:58:10] [Thread-2/INFO] [com.velocitypowered.proxy.VelocityServer]: Shutting down the proxy...
[17:58:10] [Thread-2/INFO] [com.velocitypowered.proxy.network.ConnectionManager]: Closing endpoint /0.0.0.0:25577
[17:58:10] [Velocity Async Event Executor - #3/INFO] [luckperms]: Starting shutdown process...
[17:58:10] [Velocity Async Event Executor - #3/INFO] [luckperms]: Closing storage...
[17:58:10] [Velocity Async Event Executor - #3/INFO] [luckperms]: Goodbye!
